This file contains any messages produced by compilers while
running configure, to aid debugging if configure makes a mistake.

It was created by mapp4py configure 0.0.0, which was
generated by GNU Autoconf 2.69.  Invocation command line was

  $ ./configure 

## --------- ##
## Platform. ##
## --------- ##

hostname = Sinas-MBP.local
uname -m = x86_64
uname -r = 18.7.0
uname -s = Darwin
uname -v = Darwin Kernel Version 18.7.0: Tue Aug 20 16:57:14 PDT 2019; root:xnu-4903.271.2~2/RELEASE_X86_64

/usr/bin/uname -p = i386
/bin/uname -X     = unknown

/bin/arch              = unknown
/usr/bin/arch -k       = unknown
/usr/convex/getsysinfo = unknown
/usr/bin/hostinfo      = Mach kernel version:
	 Darwin Kernel Version 18.7.0: Tue Aug 20 16:57:14 PDT 2019; root:xnu-4903.271.2~2/RELEASE_X86_64
Kernel configured for up to 4 processors.
2 processors are physically available.
4 processors are logically available.
Processor type: x86_64h (Intel x86-64h Haswell)
Processors active: 0 1 2 3
Primary memory available: 16.00 gigabytes
Default processor set: 415 tasks, 1608 threads, 4 processors
Load average: 2.03, Mach factor: 2.04
/bin/machine           = unknown
/usr/bin/oslevel       = unknown
/bin/universe          = unknown

PATH: /Applications/Julia-1.2.app/Contents/Resources/julia/bin
PATH: /Applications/google-cloud-sdk/bin
PATH: /Users/sina/apps/imagemagick/bin
PATH: /Library/Frameworks/Python.framework/Versions/3.7/bin
PATH: /Users/sina/bin
PATH: /usr/local/bin
PATH: /usr/bin
PATH: /bin
PATH: /usr/sbin
PATH: /sbin
PATH: /Applications/VMware Fusion.app/Contents/Public
PATH: /Library/TeX/texbin
PATH: /opt/X11/bin


## ----------- ##
## Core tests. ##
## ----------- ##

configure:2273: checking for g++
configure:2289: found /usr/bin/g++
configure:2300: result: g++
configure:2327: checking for C++ compiler version
configure:2336: g++ --version >&5
Apple clang version 11.0.0 (clang-1100.0.33.8)
Target: x86_64-apple-darwin18.7.0
Thread model: posix
InstalledDir: /Applications/Xcode.app/Contents/Developer/Toolchains/XcodeDefault.xctoolchain/usr/bin
Configured with: --prefix=/Applications/Xcode.app/Contents/Developer/usr --with-gxx-include-dir=/Library/Developer/CommandLineTools/SDKs/MacOSX.sdk/usr/include/c++/4.2.1
configure:2347: $? = 0
configure:2336: g++ -v >&5
Configured with: --prefix=/Applications/Xcode.app/Contents/Developer/usr --with-gxx-include-dir=/Library/Developer/CommandLineTools/SDKs/MacOSX.sdk/usr/include/c++/4.2.1
Apple clang version 11.0.0 (clang-1100.0.33.8)
Target: x86_64-apple-darwin18.7.0
Thread model: posix
InstalledDir: /Applications/Xcode.app/Contents/Developer/Toolchains/XcodeDefault.xctoolchain/usr/bin
configure:2347: $? = 0
configure:2336: g++ -V >&5
clang: error: unsupported option '-V -Wno-framework-include-private-from-public'
clang: error: no input files
configure:2347: $? = 1
configure:2336: g++ -qversion >&5
clang: error: unknown argument '-qversion', did you mean '--version'?
clang: error: no input files
configure:2347: $? = 1
configure:2367: checking whether the C++ compiler works
configure:2389: g++    conftest.cpp  >&5
configure:2393: $? = 0
configure:2441: result: yes
configure:2444: checking for C++ compiler default output file name
configure:2446: result: a.out
configure:2452: checking for suffix of executables
configure:2459: g++ -o conftest    conftest.cpp  >&5
configure:2463: $? = 0
configure:2485: result: 
configure:2507: checking whether we are cross compiling
configure:2515: g++ -o conftest    conftest.cpp  >&5
configure:2519: $? = 0
configure:2526: ./conftest
configure:2530: $? = 0
configure:2545: result: no
configure:2550: checking for suffix of object files
configure:2572: g++ -c   conftest.cpp >&5
configure:2576: $? = 0
configure:2597: result: o
configure:2601: checking whether we are using the GNU C++ compiler
configure:2620: g++ -c   conftest.cpp >&5
configure:2620: $? = 0
configure:2629: result: yes
configure:2638: checking whether g++ accepts -g
configure:2658: g++ -c -g  conftest.cpp >&5
configure:2658: $? = 0
configure:2699: result: yes
configure:2739: checking for mpic++
configure:2755: found /usr/local/bin/mpic++
configure:2766: result: mpic++
configure:2784: checking for MPI_Init
configure:2784: mpic++ -o conftest -g -O2   conftest.cpp  >&5
configure:2784: $? = 0
configure:2784: result: yes
configure:2881: checking for mpi.h
configure:2894: mpic++ -c -g -O2  conftest.cpp >&5
configure:2894: $? = 0
configure:2895: result: yes
configure:2924: checking build system type
configure:2938: result: x86_64-apple-darwin18.7.0
configure:2958: checking host system type
configure:2971: result: x86_64-apple-darwin18.7.0
configure:2995: checking whether dlopen is needed for mpi
configure:3010: mpic++ -c -g -O2  conftest.cpp >&5
configure:3010: $? = 0
configure:3012: result: no
configure:3346: checking whether mpic++ supports C++11 features with -std=c++11
configure:3649: mpic++ -std=c++11 -c -g -O2  conftest.cpp >&5
configure:3649: $? = 0
configure:3658: result: yes
configure:3704: checking how to run the C++ preprocessor
configure:3731: mpic++ -std=c++11 -E  conftest.cpp
configure:3731: $? = 0
configure:3745: mpic++ -std=c++11 -E  conftest.cpp
conftest.cpp:11:10: fatal error: 'ac_nonexistent.h' file not found
#include <ac_nonexistent.h>
         ^~~~~~~~~~~~~~~~~~
1 error generated.
configure:3745: $? = 1
configure: failed program was:
| /* confdefs.h */
| #define PACKAGE_NAME "mapp4py"
| #define PACKAGE_TARNAME "mapp4py"
| #define PACKAGE_VERSION "0.0.0"
| #define PACKAGE_STRING "mapp4py 0.0.0"
| #define PACKAGE_BUGREPORT ""
| #define PACKAGE_URL ""
| #define HAVE_MPI 1
| #define HAVE_CXX11 1
| /* end confdefs.h.  */
| #include <ac_nonexistent.h>
configure:3770: result: mpic++ -std=c++11 -E
configure:3790: mpic++ -std=c++11 -E  conftest.cpp
configure:3790: $? = 0
configure:3804: mpic++ -std=c++11 -E  conftest.cpp
conftest.cpp:11:10: fatal error: 'ac_nonexistent.h' file not found
#include <ac_nonexistent.h>
         ^~~~~~~~~~~~~~~~~~
1 error generated.
configure:3804: $? = 1
configure: failed program was:
| /* confdefs.h */
| #define PACKAGE_NAME "mapp4py"
| #define PACKAGE_TARNAME "mapp4py"
| #define PACKAGE_VERSION "0.0.0"
| #define PACKAGE_STRING "mapp4py 0.0.0"
| #define PACKAGE_BUGREPORT ""
| #define PACKAGE_URL ""
| #define HAVE_MPI 1
| #define HAVE_CXX11 1
| /* end confdefs.h.  */
| #include <ac_nonexistent.h>
configure:3833: checking for egrep
configure:3895: result: /usr/bin/egrep
configure:3900: checking for ANSI C header files
configure:3920: mpic++ -std=c++11 -c -g -O2  conftest.cpp >&5
configure:3920: $? = 0
configure:3993: mpic++ -std=c++11 -o conftest -g -O2   conftest.cpp    >&5
configure:3993: $? = 0
configure:3993: ./conftest
configure:3993: $? = 0
configure:4004: result: yes
configure:4017: checking for sys/types.h
configure:4017: mpic++ -std=c++11 -c -g -O2  conftest.cpp >&5
configure:4017: $? = 0
configure:4017: result: yes
configure:4017: checking for sys/stat.h
configure:4017: mpic++ -std=c++11 -c -g -O2  conftest.cpp >&5
configure:4017: $? = 0
configure:4017: result: yes
configure:4017: checking for stdlib.h
configure:4017: mpic++ -std=c++11 -c -g -O2  conftest.cpp >&5
configure:4017: $? = 0
configure:4017: result: yes
configure:4017: checking for string.h
configure:4017: mpic++ -std=c++11 -c -g -O2  conftest.cpp >&5
configure:4017: $? = 0
configure:4017: result: yes
configure:4017: checking for memory.h
configure:4017: mpic++ -std=c++11 -c -g -O2  conftest.cpp >&5
configure:4017: $? = 0
configure:4017: result: yes
configure:4017: checking for strings.h
configure:4017: mpic++ -std=c++11 -c -g -O2  conftest.cpp >&5
configure:4017: $? = 0
configure:4017: result: yes
configure:4017: checking for inttypes.h
configure:4017: mpic++ -std=c++11 -c -g -O2  conftest.cpp >&5
configure:4017: $? = 0
configure:4017: result: yes
configure:4017: checking for stdint.h
configure:4017: mpic++ -std=c++11 -c -g -O2  conftest.cpp >&5
configure:4017: $? = 0
configure:4017: result: yes
configure:4017: checking for unistd.h
configure:4017: mpic++ -std=c++11 -c -g -O2  conftest.cpp >&5
configure:4017: $? = 0
configure:4017: result: yes
configure:4029: checking for python build information
configure:4031: result: 
configure:4052: checking for python3
configure:4068: found /Library/Frameworks/Python.framework/Versions/3.7/bin/python3
configure:4079: result: python3
configure:4117: checking for numpy
configure:4122: result: yes
configure:4128: checking for npy_log in -lnpymath
configure:4153: mpic++ -std=c++11 -o conftest -g -O2  -L/Users/sina/Library/Python/3.7/lib/python/site-packages/numpy/core/lib conftest.cpp -lnpymath     >&5
configure:4153: $? = 0
configure:4162: result: yes
configure:4174: checking numpy/numpyconfig.h usability
configure:4174: mpic++ -std=c++11 -c -g -O2 -I/Users/sina/Library/Python/3.7/lib/python/site-packages/numpy/core/include conftest.cpp >&5
configure:4174: $? = 0
configure:4174: result: yes
configure:4174: checking numpy/numpyconfig.h presence
configure:4174: mpic++ -std=c++11 -E -I/Users/sina/Library/Python/3.7/lib/python/site-packages/numpy/core/include conftest.cpp
configure:4174: $? = 0
configure:4174: result: yes
configure:4174: checking for numpy/numpyconfig.h
configure:4174: result: yes
configure:4230: checking for a BSD-compatible install
configure:4298: result: /usr/bin/install -c
configure:4309: checking whether build environment is sane
configure:4364: result: yes
configure:4515: checking for a thread-safe mkdir -p
configure:4554: result: build-aux/install-sh -c -d
configure:4557: checking whether make sets $(MAKE)
configure:4579: result: yes
configure:4601: checking whether make supports the include directive
configure:4616: make -f confmf.GNU && cat confinc.out
this is the am__doit target
configure:4619: $? = 0
configure:4638: result: yes (GNU style)
configure:4671: checking whether make supports nested variables
configure:4688: result: yes
configure:4773: checking dependency style of mpic++ -std=c++11
configure:4884: result: gcc3
configure:4943: checking whether to enable maintainer-specific portions of Makefiles
configure:4952: result: yes
configure:5081: checking that generated files are newer than configure
configure:5087: result: done
configure:5114: creating ./config.status

## ---------------------- ##
## Running config.status. ##
## ---------------------- ##

This file was extended by mapp4py config.status 0.0.0, which was
generated by GNU Autoconf 2.69.  Invocation command line was

  CONFIG_FILES    = 
  CONFIG_HEADERS  = 
  CONFIG_LINKS    = 
  CONFIG_COMMANDS = 
  $ ./config.status 

on Sinas-MBP.local

config.status:874: creating Makefile
config.status:874: creating config.h
config.status:1103: executing depfiles commands
config.status:1180: cd .       && sed -e '/# am--include-marker/d' Makefile         | make -f - am--depfiles
config.status:1185: $? = 0

## ---------------- ##
## Cache variables. ##
## ---------------- ##

ac_cv_build=x86_64-apple-darwin18.7.0
ac_cv_cxx_compiler_gnu=yes
ac_cv_env_CCC_set=
ac_cv_env_CCC_value=
ac_cv_env_CPPFLAGS_set=
ac_cv_env_CPPFLAGS_value=
ac_cv_env_CXXCPP_set=
ac_cv_env_CXXCPP_value=
ac_cv_env_CXXFLAGS_set=
ac_cv_env_CXXFLAGS_value=
ac_cv_env_CXX_set=
ac_cv_env_CXX_value=
ac_cv_env_LDFLAGS_set=
ac_cv_env_LDFLAGS_value=
ac_cv_env_LIBS_set=
ac_cv_env_LIBS_value=
ac_cv_env_MPICXX_set=
ac_cv_env_MPICXX_value=
ac_cv_env_PYTHON_SITE_set=
ac_cv_env_PYTHON_SITE_value=
ac_cv_env_PYTHON_set=
ac_cv_env_PYTHON_value=
ac_cv_env_build_alias_set=
ac_cv_env_build_alias_value=
ac_cv_env_host_alias_set=
ac_cv_env_host_alias_value=
ac_cv_env_target_alias_set=
ac_cv_env_target_alias_value=
ac_cv_func_MPI_Init=yes
ac_cv_header_inttypes_h=yes
ac_cv_header_memory_h=yes
ac_cv_header_numpy_numpyconfig_h=yes
ac_cv_header_stdc=yes
ac_cv_header_stdint_h=yes
ac_cv_header_stdlib_h=yes
ac_cv_header_string_h=yes
ac_cv_header_strings_h=yes
ac_cv_header_sys_stat_h=yes
ac_cv_header_sys_types_h=yes
ac_cv_header_unistd_h=yes
ac_cv_host=x86_64-apple-darwin18.7.0
ac_cv_lib_npymath_npy_log=yes
ac_cv_objext=o
ac_cv_path_EGREP=/usr/bin/egrep
ac_cv_path_install='/usr/bin/install -c'
ac_cv_prog_CXXCPP='mpic++ -std=c++11 -E'
ac_cv_prog_MPICXX=mpic++
ac_cv_prog___ax_python=python3
ac_cv_prog_ac_ct_CXX=g++
ac_cv_prog_cxx_g=yes
ac_cv_prog_make_make_set=yes
am_cv_CXX_dependencies_compiler_type=gcc3
am_cv_make_support_nested_variables=yes
ax_cv_cxx_compile_cxx11__std_cpp11=yes

## ----------------- ##
## Output variables. ##
## ----------------- ##

ACLOCAL='${SHELL} /Users/sina/Documents/Projects/mapp4py/build-aux/missing aclocal-1.16'
AMDEPBACKSLASH='\'
AMDEP_FALSE='#'
AMDEP_TRUE=''
AMTAR='$${TAR-tar}'
AM_BACKSLASH='\'
AM_DEFAULT_V='$(AM_DEFAULT_VERBOSITY)'
AM_DEFAULT_VERBOSITY='1'
AM_V='$(V)'
AUTOCONF='${SHELL} /Users/sina/Documents/Projects/mapp4py/build-aux/missing autoconf'
AUTOHEADER='${SHELL} /Users/sina/Documents/Projects/mapp4py/build-aux/missing autoheader'
AUTOMAKE='${SHELL} /Users/sina/Documents/Projects/mapp4py/build-aux/missing automake-1.16'
AWK=''
AX_CAT=''
AX_OBJDUMP=''
AX_OTOOL=''
CPPFLAGS='-I/Library/Frameworks/Python.framework/Versions/3.7/include/python3.7m -I/Users/sina/Library/Python/3.7/lib/python/site-packages/numpy/core/include '
CXX='mpic++ -std=c++11'
CXXCPP='mpic++ -std=c++11 -E'
CXXDEPMODE='depmode=gcc3'
CXXFLAGS='-fPIC -g -O2'
CYGPATH_W='echo'
DEFS='-DHAVE_CONFIG_H'
DEPDIR='.deps'
ECHO_C='\c'
ECHO_N=''
ECHO_T=''
EGREP='/usr/bin/egrep'
EXEEXT=''
GREP=''
HAVE_CXX11='1'
INSTALL_DATA='${INSTALL} -m 644'
INSTALL_PROGRAM='${INSTALL}'
INSTALL_SCRIPT='${INSTALL}'
INSTALL_STRIP_PROGRAM='$(install_sh) -c -s'
LDFLAGS='-L/Users/sina/Library/Python/3.7/lib/python/site-packages/numpy/core/lib '
LIBOBJS=''
LIBS='-lnpymath   '
LTLIBOBJS=''
MAINT=''
MAINTAINER_MODE_FALSE='#'
MAINTAINER_MODE_TRUE=''
MAKEINFO='${SHELL} /Users/sina/Documents/Projects/mapp4py/build-aux/missing makeinfo'
MKDIR_P='build-aux/install-sh -c -d'
MPICXX='mpic++'
MPILIBS=' '
OBJEXT='o'
PACKAGE='mapp4py'
PACKAGE_BUGREPORT=''
PACKAGE_NAME='mapp4py'
PACKAGE_STRING='mapp4py 0.0.0'
PACKAGE_TARNAME='mapp4py'
PACKAGE_URL=''
PACKAGE_VERSION='0.0.0'
PATH_SEPARATOR=':'
PYTHON='python3'
PYTHON_SITE='/Library/Frameworks/Python.framework/Versions/3.7/lib/python3.7/site-packages'
SET_MAKE=''
SHELL='/bin/sh'
STRIP=''
VERSION='0.0.0'
__ax_python=''
ac_ct_CXX='g++'
am__EXEEXT_FALSE=''
am__EXEEXT_TRUE='#'
am__fastdepCXX_FALSE='#'
am__fastdepCXX_TRUE=''
am__include='include'
am__isrc=''
am__leading_dot='.'
am__nodep='_no'
am__quote=''
am__tar='$${TAR-tar} chof - "$$tardir"'
am__untar='$${TAR-tar} xf -'
bindir='/Library/Frameworks/Python.framework/Versions/3.7/lib/python3.7/site-packages'
build='x86_64-apple-darwin18.7.0'
build_alias=''
build_cpu='x86_64'
build_os='darwin18.7.0'
build_vendor='apple'
datadir='${datarootdir}'
datarootdir='${prefix}/share'
docdir='${datarootdir}/doc/${PACKAGE_TARNAME}'
dvidir='${docdir}'
exec_prefix='${prefix}'
host='x86_64-apple-darwin18.7.0'
host_alias=''
host_cpu='x86_64'
host_os='darwin18.7.0'
host_vendor='apple'
htmldir='${docdir}'
includedir='${prefix}/include'
infodir='${datarootdir}/info'
install_sh='${SHELL} /Users/sina/Documents/Projects/mapp4py/build-aux/install-sh'
libdir='${exec_prefix}/lib'
libexecdir='${exec_prefix}/libexec'
localedir='${datarootdir}/locale'
localstatedir='${prefix}/var'
mandir='${datarootdir}/man'
mkdir_p='$(MKDIR_P)'
oldincludedir='/usr/include'
pdfdir='${docdir}'
prefix='/usr/local'
program_transform_name='s,x,x,'
psdir='${docdir}'
sbindir='${exec_prefix}/sbin'
sharedstatedir='${prefix}/com'
sysconfdir='${prefix}/etc'
target_alias=''

## ----------- ##
## confdefs.h. ##
## ----------- ##

/* confdefs.h */
#define PACKAGE_NAME "mapp4py"
#define PACKAGE_TARNAME "mapp4py"
#define PACKAGE_VERSION "0.0.0"
#define PACKAGE_STRING "mapp4py 0.0.0"
#define PACKAGE_BUGREPORT ""
#define PACKAGE_URL ""
#define HAVE_MPI 1
#define HAVE_CXX11 1
#define STDC_HEADERS 1
#define HAVE_SYS_TYPES_H 1
#define HAVE_SYS_STAT_H 1
#define HAVE_STDLIB_H 1
#define HAVE_STRING_H 1
#define HAVE_MEMORY_H 1
#define HAVE_STRINGS_H 1
#define HAVE_INTTYPES_H 1
#define HAVE_STDINT_H 1
#define HAVE_UNISTD_H 1
#define PACKAGE "mapp4py"
#define VERSION "0.0.0"

configure: exit 0
